[23:57:52] [Render thread/INFO] [JMLogger] JourneyMap log initialized.
[23:57:52] [Render thread/INFO] [JourneymapClient] initialize ENTER
[23:57:52] [Render thread/INFO] [ClientAPI] [ClientAPI] built with JourneyMap API 1.9-SNAPSHOT
[23:57:52] [Render thread/INFO] [PluginHelper] Initializing plugins with Client API: journeymap.client.api.impl.ClientAPI
[23:57:52] [Render thread/INFO] [PluginHelper] Initialized IClientPlugin: net.blay09.mods.waystones.compat.JourneyMapIntegration
[23:57:52] [Render thread/INFO] [PluginHelper] Initialized IClientPlugin: com.railwayteam.railways.compat.journeymap.RailwayMapPlugin
[23:57:52] [Render thread/INFO] [PluginHelper] Initialized IClientPlugin: com.pixelmonmod.pixelmon.support.JourneyMapIntegration
[23:57:53] [Render thread/WARN] [PropertiesBase] core (Initialized) Bad configField entry during updateFrom(): optionsManagerViewed=null
[23:57:53] [Render thread/WARN] [PropertiesBase] core (Initialized) Bad configField entry during updateFrom(): splashViewed=null
[23:57:53] [Render thread/INFO] [?] Version: JourneyMap 1.20.1-5.10.3, built with forge 1.20.1-47.2.30
forge: 47.3.33
Environment: os.name, os.arch, java.version, user.country, user.language=null, game language=en_us, locale=en_us
Features: 
	RadarPlayers : singleplayer = true , multiplayer = true
	RadarAnimals : singleplayer = true , multiplayer = true
	RadarMobs : singleplayer = true , multiplayer = true
	RadarVillagers : singleplayer = true , multiplayer = true
	MapTopo : singleplayer = true , multiplayer = true
	MapSurface : singleplayer = true , multiplayer = true
	MapCaves : singleplayer = true , multiplayer = true
	MapBiome : singleplayer = true , multiplayer = true
MiniMapProperties{state=Valid, file=journeymap.minimap.config, configVersion=5.10.3, zoomLevel=0, compassFontScale=1.0, terrainAlpha=100, showEntityNames=true, positionX=0.9, positionY=0.25, effectVertical=false, showPlayerHeading=true, sizePercent=30, playerDisplayScale=1.0, showDayNight=true, showPets=true, preferredMapType=day, showCompass=true, mobDisplay=jm.common.entity_display.dots, systemTimeRealFormat=HH:mm:ss, shape=jm.minimap.shape_circle, showSelf=true, selfDisplayScale=1.0, showGrid=true, reticleOrientation=jm.minimap.orientation.compass, gameTimeRealFormat=HH:mm:ss, effectTranslateX=0, showWaypoints=true, minimapKeyMovementSpeed=0.001, showAnimals=true, infoSlotAlpha=0.7, effectTranslateY=0, showWaypointLabels=true, moveEffectIcons=true, position=jm.minimap.position_topright, fontScale=1.0, showPlayers=true, waypointIconScale=1.0, frameAlpha=100, effectReversed=false, backgroundAlpha=0.8, enabled=true, showVillagers=true, info2Label=jm.theme.labelsource.gametime, info3Label=jm.theme.labelsource.location, showMobs=true, waypointLabelScale=1.0, showReticle=true, orientation=jm.minimap.orientation.north, info4Label=jm.theme.labelsource.biome, locationFormat=xzyv, playerDisplay=jm.common.entity_display.dots, mobDisplayScale=1.0, showCaves=true, showMobHeading=true, locationFormatVerbose=true, info1Label=jm.theme.labelsource.blank}
MiniMapProperties{state=Valid, file=journeymap.minimap2.config, configVersion=5.10.3, zoomLevel=0, compassFontScale=1.0, terrainAlpha=100, showEntityNames=true, positionX=0.9, positionY=0.25, effectVertical=false, showPlayerHeading=true, sizePercent=30, playerDisplayScale=1.0, showDayNight=true, showPets=true, preferredMapType=day, showCompass=true, mobDisplay=jm.common.entity_display.dots, systemTimeRealFormat=HH:mm:ss, shape=jm.minimap.shape_rectangle, showSelf=true, selfDisplayScale=1.0, showGrid=true, reticleOrientation=jm.minimap.orientation.compass, gameTimeRealFormat=HH:mm:ss, effectTranslateX=0, showWaypoints=true, minimapKeyMovementSpeed=0.001, showAnimals=true, infoSlotAlpha=0.7, effectTranslateY=0, showWaypointLabels=true, moveEffectIcons=true, position=jm.minimap.position_topright, fontScale=1.0, showPlayers=true, waypointIconScale=1.0, frameAlpha=100, effectReversed=false, backgroundAlpha=0.8, enabled=true, showVillagers=true, info2Label=jm.theme.labelsource.gametime, info3Label=jm.theme.labelsource.location, showMobs=true, waypointLabelScale=1.0, showReticle=true, orientation=jm.minimap.orientation.north, info4Label=jm.theme.labelsource.biome, locationFormat=xzyv, playerDisplay=jm.common.entity_display.dots, mobDisplayScale=1.0, showCaves=true, showMobHeading=true, locationFormatVerbose=true, info1Label=jm.theme.labelsource.blank}
FullMapProperties{state=Valid, file=journeymap.fullmap.config, configVersion=5.10.3, zoomLevel=0, showPlayers=true, waypointIconScale=1.0, showEntityNames=true, showPlayerHeading=true, showVillagers=true, showPlayerLoc=true, showKeys=true, playerDisplayScale=1.0, showMobs=true, showPets=true, waypointLabelScale=1.0, preferredMapType=day, mobDisplay=jm.common.entity_display.dots, showSelf=true, locationFormat=xzyv, playerDisplay=jm.common.entity_display.dots, mobDisplayScale=1.0, selfDisplayScale=1.0, showGrid=true, showMouseLoc=true, showWaypoints=true, showCaves=true, showAnimals=true, showMobHeading=true, showWaypointLabels=true, locationFormatVerbose=true, fontScale=1.0}
WaypointProperties{state=Valid, file=journeymap.waypoint.config, configVersion=5.10.3, autoRemoveDeathpointDistance=2, dateFormat=MM-dd-yyyy, autoRemoveDeathpoints=false, fullscreenDoubleClickToCreate=true, managerDimensionFocus=false, minDistance=4, boldLabel=false, textureSmall=true, showDeathpointlabel=true, beaconEnabled=true, createDeathpoints=true, showName=true, disableStrikeThrough=false, maxDistance=0, autoHideLabel=true, autoRemoveTempWaypoints=2, teleportCommand=/tp {name} {x} {y} {z}, showStaticBeam=true, shaderBeacon=false, timeFormat=HH:mm:ss, showDeviationLabel=false, showDistance=true, showRotatingBeam=true, fontScale=2.0, showTexture=true, managerEnabled=true}
WebMapProperties{state=Valid, file=journeymap.webmap.config, configVersion=5.10.3, port=8080, enabled=false}
CoreProperties{state=Valid, file=journeymap.core.config, configVersion=5.10.3, verboseColorPalette=false, maxPlayersData=32, mapSurfaceAboveCaves=true, dataCachingEnabled=true, optionsManagerViewed=null, announceMod=true, colorPassive=#bbbbbb, mapBlendWater=false, renderDistanceSurfaceMax=0, seedId=false, radarVerticalDistance=16, mapBlendGrass=true, recordCacheStats=false, hideSneakingEntities=true, revealShape=jm.minimap.shape_circle, mapBiome=true, alwaysMapSurface=false, colorVillager=#88e188, mapPlants=false, colorPet=#0077ff, radarLateralDistance=64, mapBathymetry=false, mapCrops=true, maxMobsData=32, mapPlantShadows=false, alwaysMapCaves=false, checkUpdates=true, mapBlendFoliage=true, hideSpectators=false, mappingEnabled=true, colorPlayer=#ffffff, tileHighDisplayQuality=true, cacheVillagersData=2200, logLevel=INFO, maxVillagersData=32, mapWaterBiomeColors=false, maxAnimalsData=32, mapTransparency=true, caveBlackAsClear=false, tileRenderType=1, caveIgnoreGlass=true, mapTopography=true, renderDistanceCaveMax=0, mapAntialiasing=true, colorSelf=#0000ff, cachePlayersData=2000, cacheMobsData=3000, cachePlayerData=1000, splashViewed=null, colorHostile=#ff0000, cacheAnimalsData=3100, themeName=OceanMonument, mapCaveLighting=true, renderDelay=2, glErrorChecking=false, autoMapPoll=2000}
[23:57:53] [Render thread/INFO] [JourneymapClient] initialize EXIT, elapsed count 1 avg 1357.19ms
[23:58:01] [Render thread/INFO] [JourneymapClient] Journeymap PostInit
[23:58:02] [Render thread/INFO] [ThemeLoader] Preloaded theme textures: 73
[23:58:02] [Render thread/INFO] [JourneymapClient] postInitialize EXIT, elapsed count 1 avg 349.96ms
[23:58:55] [Server thread/INFO] [ForgeConfig] Loading JourneyMap Forge Configs
[23:59:26] [Server thread/INFO] [PropertiesBase] global (FirstLoaded) Setting config file to version "5.10.3": journeymap.server.global.config
[23:59:26] [Server thread/INFO] [PropertiesBase] global (Valid) Creating config file: C:\Users\Henrique\curseforge\minecraft\Instances\pixelmon1.20.1\journeymap\server\5.10\journeymap.server.global.config
[23:59:26] [Server thread/INFO] [PropertiesBase] default (FirstLoaded) Setting config file to version "5.10.3": journeymap.server.default.config
[23:59:26] [Server thread/INFO] [PropertiesBase] default (Valid) Creating config file: C:\Users\Henrique\curseforge\minecraft\Instances\pixelmon1.20.1\journeymap\server\5.10\journeymap.server.default.config
[23:59:26] [Server thread/INFO] [PropertiesBase] minecraft~overworld (Initialized) Setting config file to version "5.10.3": journeymap.server.minecraft~overworld.config
[23:59:26] [Server thread/INFO] [PropertiesBase] minecraft~overworld (Valid) Creating config file: C:\Users\Henrique\curseforge\minecraft\Instances\pixelmon1.20.1\journeymap\server\5.10\journeymap.server.minecraft~overworld.config
[23:59:27] [Server thread/INFO] [PropertiesBase] minecraft~the_end (Initialized) Setting config file to version "5.10.3": journeymap.server.minecraft~the_end.config
[23:59:27] [Server thread/INFO] [PropertiesBase] minecraft~the_end (Valid) Creating config file: C:\Users\Henrique\curseforge\minecraft\Instances\pixelmon1.20.1\journeymap\server\5.10\journeymap.server.minecraft~the_end.config
[23:59:27] [Server thread/INFO] [PropertiesBase] pixelmon~ultra_space (Initialized) Setting config file to version "5.10.3": journeymap.server.pixelmon~ultra_space.config
[23:59:27] [Server thread/INFO] [PropertiesBase] pixelmon~ultra_space (Valid) Creating config file: C:\Users\Henrique\curseforge\minecraft\Instances\pixelmon1.20.1\journeymap\server\5.10\journeymap.server.pixelmon~ultra_space.config
[23:59:27] [Server thread/INFO] [PropertiesBase] minecraft~the_nether (Initialized) Setting config file to version "5.10.3": journeymap.server.minecraft~the_nether.config
[23:59:27] [Server thread/INFO] [PropertiesBase] minecraft~the_nether (Valid) Creating config file: C:\Users\Henrique\curseforge\minecraft\Instances\pixelmon1.20.1\journeymap\server\5.10\journeymap.server.minecraft~the_nether.config
[23:59:42] [Render thread/WARN] [PropertiesBase] core (Initialized) Bad configField entry during updateFrom(): optionsManagerViewed=null
[23:59:42] [Render thread/WARN] [PropertiesBase] core (Initialized) Bad configField entry during updateFrom(): splashViewed=null
[23:59:43] [Render thread/ERROR] [ModBlockDelegate] Couldn't initialize modded block handler for pixelmon: java.lang.reflect.InvocationTargetException
	at java.base/jdk.internal.reflect.NativeConstructorAccessorImpl.newInstance0(Native Method)
	at java.base/jdk.internal.reflect.NativeConstructorAccessorImpl.newInstance(NativeConstructorAccessorImpl.java:77)
	at java.base/jdk.internal.reflect.DelegatingConstructorAccessorImpl.newInstance(DelegatingConstructorAccessorImpl.java:45)
	at java.base/java.lang.reflect.Constructor.newInstanceWithCaller(Constructor.java:499)
	at java.base/java.lang.reflect.Constructor.newInstance(Constructor.java:480)
	at TRANSFORMER/journeymap@5.10.3/journeymap.client.mod.ModBlockDelegate.reset(ModBlockDelegate.java:85)
[23:59:43] [Render thread/INFO] [ModBlockDelegate] Custom modded block handling enabled for create
[23:59:43] [Render thread/INFO] [WaypointStore] Loaded 0 waypoints from C:\Users\Henrique\curseforge\minecraft\Instances\pixelmon1.20.1\journeymap\data\sp\Cefet\waypoints
[23:59:43] [Render thread/INFO] [JourneymapClient] Mapping started in C:\Users\Henrique\curseforge\minecraft\Instances\pixelmon1.20.1\journeymap\data\sp\Cefet\overworld. Memory: 4000MB total, 1404MB free 
[23:59:56] [Render thread/INFO] [ChatLog] JourneyMap: Press [J]
[23:59:57] [Render thread/WARN] [JMLogger] pixelmon:textures/steve/hexmaniac.png doesn't have /entity/ in path, so can't look for /entity_icon/
[23:59:57] [Render thread/WARN] [JMLogger] pixelmon:textures/pokemon/403_shinx/female/base/none/texture.png doesn't have /entity/ in path, so can't look for /entity_icon/
[23:59:57] [Render thread/WARN] [JMLogger] pixelmon:textures/pokemon/255_torchic/all/base/none/texture.png doesn't have /entity/ in path, so can't look for /entity_icon/
[23:59:57] [Render thread/WARN] [JMLogger] pixelmon:textures/steve/cult.png doesn't have /entity/ in path, so can't look for /entity_icon/
[23:59:57] [Render thread/WARN] [JMLogger] pixelmon:textures/steve/nursejoy.png doesn't have /entity/ in path, so can't look for /entity_icon/
[23:59:57] [Render thread/WARN] [JMLogger] pixelmon:textures/pokemon/052_meowth/all/base/none/texture.png doesn't have /entity/ in path, so can't look for /entity_icon/
[23:59:57] [Render thread/WARN] [JMLogger] pixelmon:textures/steve/magmagruntmale.png doesn't have /entity/ in path, so can't look for /entity_icon/
[23:59:57] [Render thread/WARN] [JMLogger] pixelmon:textures/pokemon/180_flaaffy/all/base/none/texture.png doesn't have /entity/ in path, so can't look for /entity_icon/
[23:59:57] [Render thread/WARN] [JMLogger] pixelmon:textures/pokemon/832_dubwool/all/base/none/texture.png doesn't have /entity/ in path, so can't look for /entity_icon/
[23:59:57] [Render thread/WARN] [JMLogger] pixelmon:textures/pokemon/179_mareep/all/base/none/texture.png doesn't have /entity/ in path, so can't look for /entity_icon/
[23:59:57] [Render thread/WARN] [JMLogger] pixelmon:textures/steve/sailor.png doesn't have /entity/ in path, so can't look for /entity_icon/
[23:59:57] [Render thread/WARN] [JMLogger] pixelmon:textures/steve/santa.png doesn't have /entity/ in path, so can't look for /entity_icon/
[23:59:57] [Render thread/WARN] [JMLogger] pixelmon:textures/steve/giovanni.png doesn't have /entity/ in path, so can't look for /entity_icon/
[23:59:57] [Render thread/WARN] [JMLogger] pixelmon:textures/pokemon/403_shinx/male/base/none/texture.png doesn't have /entity/ in path, so can't look for /entity_icon/
[23:59:57] [Render thread/WARN] [JMLogger] pixelmon:textures/pokemon/623_golurk/all/base/none/texture.png doesn't have /entity/ in path, so can't look for /entity_icon/
[23:59:57] [Render thread/WARN] [JMLogger] pixelmon:textures/steve/blackbelt.png doesn't have /entity/ in path, so can't look for /entity_icon/
[23:59:57] [Render thread/WARN] [JMLogger] pixelmon:textures/steve/magmaboss.png doesn't have /entity/ in path, so can't look for /entity_icon/
[23:59:57] [Render thread/WARN] [JMLogger] pixelmon:textures/steve/dress.png doesn't have /entity/ in path, so can't look for /entity_icon/
[23:59:57] [Render thread/WARN] [JMLogger] pixelmon:textures/steve/shopman.png doesn't have /entity/ in path, so can't look for /entity_icon/
[23:59:57] [Render thread/WARN] [JMLogger] pixelmon:textures/steve/shopman3.png doesn't have /entity/ in path, so can't look for /entity_icon/
[23:59:57] [Render thread/WARN] [JMLogger] pixelmon:textures/steve/mailman.png doesn't have /entity/ in path, so can't look for /entity_icon/
[23:59:57] [Render thread/WARN] [JMLogger] pixelmon:textures/pokemon/550_basculin/all/red/none/texture.png doesn't have /entity/ in path, so can't look for /entity_icon/
[23:59:57] [Render thread/WARN] [JMLogger] pixelmon:textures/pokemon/661_fletchling/all/base/none/texture.png doesn't have /entity/ in path, so can't look for /entity_icon/
[23:59:57] [Render thread/WARN] [JMLogger] pixelmon:textures/pokemon/662_fletchinder/all/base/none/texture.png doesn't have /entity/ in path, so can't look for /entity_icon/
[23:59:57] [Render thread/WARN] [JMLogger] pixelmon:textures/pokemon/016_pidgey/all/base/none/texture.png doesn't have /entity/ in path, so can't look for /entity_icon/
[00:00:08] [Render thread/WARN] [JMLogger] pixelmon:textures/pokemon/813_scorbunny/all/base/none/texture.png doesn't have /entity/ in path, so can't look for /entity_icon/
[00:00:08] [Render thread/WARN] [JMLogger] pixelmon:textures/pokemon/856_hatenna/all/base/none/texture.png doesn't have /entity/ in path, so can't look for /entity_icon/
[00:00:14] [Render thread/WARN] [JMLogger] pixelmon:textures/pokemon/074_geodude/all/base/none/texture.png doesn't have /entity/ in path, so can't look for /entity_icon/
[00:00:14] [Render thread/WARN] [JMLogger] pixelmon:textures/pokemon/092_gastly/all/base/none/texture.png doesn't have /entity/ in path, so can't look for /entity_icon/
[00:00:14] [Render thread/WARN] [JMLogger] pixelmon:textures/pokemon/417_pachirisu/all/base/none/texture.png doesn't have /entity/ in path, so can't look for /entity_icon/
[00:00:37] [Render thread/WARN] [JMLogger] pixelmon:textures/pokemon/050_diglett/all/base/none/texture.png doesn't have /entity/ in path, so can't look for /entity_icon/
[00:00:45] [Render thread/WARN] [JMLogger] pixelmon:textures/pokemon/932_nacli/all/base/none/texture.png doesn't have /entity/ in path, so can't look for /entity_icon/
[00:00:51] [Render thread/WARN] [JMLogger] pixelmon:textures/pokemon/524_roggenrola/all/base/none/texture.png doesn't have /entity/ in path, so can't look for /entity_icon/
[00:00:51] [Render thread/WARN] [JMLogger] pixelmon:textures/pokemon/216_teddiursa/all/base/none/texture.png doesn't have /entity/ in path, so can't look for /entity_icon/
[00:00:55] [Render thread/WARN] [JMLogger] pixelmon:textures/pokemon/919_nymble/all/base/none/texture.png doesn't have /entity/ in path, so can't look for /entity_icon/
[00:00:58] [Render thread/WARN] [JMLogger] pixelmon:textures/pokemon/921_pawmi/all/base/none/texture.png doesn't have /entity/ in path, so can't look for /entity_icon/
[00:01:27] [Render thread/WARN] [JMLogger] pixelmon:textures/pokemon/283_surskit/all/base/none/texture.png doesn't have /entity/ in path, so can't look for /entity_icon/
[00:01:27] [Render thread/WARN] [JMLogger] pixelmon:textures/pokemon/938_tadbulb/all/base/none/texture.png doesn't have /entity/ in path, so can't look for /entity_icon/
[00:01:27] [Render thread/WARN] [JMLogger] pixelmon:textures/pokemon/118_goldeen/all/base/none/texture.png doesn't have /entity/ in path, so can't look for /entity_icon/
[00:01:27] [Render thread/INFO] [JourneymapClient] Mapping halted in C:\Users\Henrique\curseforge\minecraft\Instances\pixelmon1.20.1\journeymap\data\sp\Cefet\minecraft:overworld
[00:01:32] [Render thread/WARN] [PropertiesBase] core (Initialized) Bad configField entry during updateFrom(): optionsManagerViewed=null
[00:01:33] [Render thread/INFO] [WaypointStore] Loaded 1 waypoints from C:\Users\Henrique\curseforge\minecraft\Instances\pixelmon1.20.1\journeymap\data\sp\Cefet\waypoints
[00:01:33] [Render thread/INFO] [JourneymapClient] Mapping started in C:\Users\Henrique\curseforge\minecraft\Instances\pixelmon1.20.1\journeymap\data\sp\Cefet\pixelmon~ultra_space. Memory: 4000MB total, 1476MB free 
[00:02:00] [Render thread/WARN] [JMLogger] pixelmon:textures/pokemon/566_archen/all/base/none/texture.png doesn't have /entity/ in path, so can't look for /entity_icon/
[00:02:08] [Render thread/WARN] [JMLogger] pixelmon:textures/pokemon/252_treecko/all/base/none/texture.png doesn't have /entity/ in path, so can't look for /entity_icon/
[00:02:08] [Render thread/WARN] [JMLogger] pixelmon:textures/pokemon/944_shroodle/all/base/none/texture.png doesn't have /entity/ in path, so can't look for /entity_icon/
[00:02:13] [Render thread/WARN] [JMLogger] pixelmon:textures/pokemon/946_bramblin/all/base/none/texture.png doesn't have /entity/ in path, so can't look for /entity_icon/
[00:03:50] [Render thread/WARN] [JMLogger] pixelmon:textures/pokemon/408_cranidos/all/base/none/texture.png doesn't have /entity/ in path, so can't look for /entity_icon/
[00:03:50] [Render thread/WARN] [JMLogger] pixelmon:textures/pokemon/041_zubat/all/base/none/texture.png doesn't have /entity/ in path, so can't look for /entity_icon/
[00:05:22] [Render thread/INFO] [JourneymapClient] Mapping halted in C:\Users\Henrique\curseforge\minecraft\Instances\pixelmon1.20.1\journeymap\data\mp\offline\pixelmon:ultra_space
[00:05:36] [Server thread/INFO] [ForgeConfig] Loading JourneyMap Forge Configs
